-------------------------------------------------
FastCopy(ver2.08(管理员)) 开始于 2013/04/27 17:02:45

<源目录>  E:\Git-repo\
<目标目录> F:\
<命令> 复制(若重名仅复制大小/日期不同的文件)

 无错误

共读取= 2057.2 MB
共写入= 2057.2 MB
总文件数= 55475 (5102)
总时间= 674.77 秒
传输速率= 3.05 MB/s
文件速率= 82.21 个文件/s

结果: (错误文件: 0 / 错误目录: 0)

-------------------------------------------------
FastCopy(ver2.08(管理员)) 开始于 2013/04/27 17:19:07

<源目录>  E:\DATA
<目标目录> F:\
<命令> 复制(若重名仅复制大小/日期不同的文件)

 无错误

共读取= 13822.2 MB
共写入= 13822.2 MB
总文件数= 22824 (3510)
总时间= 977.11 秒
传输速率= 14.15 MB/s
文件速率= 23.36 个文件/s

结果: (错误文件: 0 / 错误目录: 0)

-------------------------------------------------
FastCopy(ver2.08(管理员)) 开始于 2013/04/27 19:08:00

<源目录>  I:\DATA
<目标目录> E:\
<命令> 复制(若重名仅复制大小/日期不同的文件)

 用户中止

共读取= 0.0 MB
共写入= 0.0 MB
总文件数= 0 (0)
总时间= 0.00 秒
传输速率= 0.00 MB/s
文件速率= 0.00 个文件/s

结果: (错误文件: 0 / 错误目录: 0)

-------------------------------------------------
FastCopy(ver2.08(管理员)) 开始于 2013/04/27 19:10:23

<源目录>  I:\DATA
<目标目录> E:\
<命令> 复制(若重名仅复制大小/日期不同的文件)

OpenFile(拒绝访问。5) : I:\DATA\Program\Adobe_CS5_Master_Suit_keygen.exe
OpenFile(拒绝访问。5) : I:\DATA\Program\破解PDF保护.exe
OpenFile(拒绝访问。5) : I:\DATA\Program\FinalData数据恢复\keygen注册机.exe
OpenFile(拒绝访问。5) : I:\DATA\Program\fterm\ftpServ.exe
OpenFile(拒绝访问。5) : I:\DATA\Program\RMClock\RightMark.CPU.Clock.Utility.Update.v.2xx.kg.exe
OpenFile(拒绝访问。5) : I:\DATA\Program\按键精灵\按键精灵6.exe
OpenFile(拒绝访问。5) : I:\DATA\Program\按键精灵\broad\按键精灵6_cr.exe

共读取= 259528.9 MB
共写入= 259528.9 MB
总文件数= 295988 (74735)
总时间= 7121.76 秒
传输速率= 36.44 MB/s
文件速率= 41.56 个文件/s

结果: (错误文件: 7 / 错误目录: 0)

