2013/09/25, 15:39:34
WinHex 17.3 x86 Exception Error Report, LL: 0
Started 2013/09/25, 15:32:55 on Windows 8 (64 bit)

SP: 0028FCCC (size ~680 bytes)
RA: ( 1:0014516C ) 1:0010E7E3 ( 1:00147D15 ) ( 1:0014259B ) ( 1:00142726 ) [ 1:00142741 ] 
Error significance: high or unknown
An exception of type 216 (page protection fault) occurred at offset 1:00145185 when I [please complete]...

--- *** ---

2013/09/25, 15:39:34
WinHex 17.3 x86 Exception Error Report, LL: 0
Started 2013/09/25, 15:32:55 on Windows 8 (64 bit)

SP: 0028FCCC (size ~680 bytes)
RA: ( 1:0014516C ) 1:0010E7E3 ( 1:00147D15 ) ( 1:0014259B ) ( 1:00142726 ) [ 1:00142741 ] 
Error significance: high or unknown
An exception of type 216 (page protection fault) occurred at offset 1:00145185 when I [please complete]...

--- *** ---

2013/09/25, 15:39:34
WinHex 17.3 x86 Exception Error Report, LL: 0
Started 2013/09/25, 15:32:55 on Windows 8 (64 bit)

SP: 0028FCCC (size ~680 bytes)
RA: ( 1:0014516C ) 1:0010E7E3 ( 1:00147D15 ) ( 1:0014259B ) ( 1:00142726 ) [ 1:00142741 ] 
Error significance: high or unknown
An exception of type 216 (page protection fault) occurred at offset 1:00145185 when I [please complete]...

--- *** ---

2013/09/25, 15:39:34
WinHex 17.3 x86 Exception Error Report, LL: 0
Started 2013/09/25, 15:32:55 on Windows 8 (64 bit)

SP: 0028FCCC (size ~680 bytes)
RA: ( 1:0014516C ) 1:0010E7E3 ( 1:00147D15 ) ( 1:0014259B ) ( 1:00142726 ) [ 1:00142741 ] 
Error significance: high or unknown
An exception of type 216 (page protection fault) occurred at offset 1:00145185 when I [please complete]...

--- *** ---

2013/09/25, 15:39:34
WinHex 17.3 x86 Exception Error Report, LL: 0
Started 2013/09/25, 15:32:55 on Windows 8 (64 bit)

SP: 0028FCCC (size ~680 bytes)
RA: ( 1:0014516C ) 1:0010E7E3 ( 1:00147D15 ) ( 1:0014259B ) ( 1:00142726 ) [ 1:00142741 ] 
Error significance: high or unknown
An exception of type 216 (page protection fault) occurred at offset 1:00145185 when I [please complete]...

--- *** ---

2013/09/25, 15:39:34
WinHex 17.3 x86 Exception Error Report, LL: 0
Started 2013/09/25, 15:32:55 on Windows 8 (64 bit)

SP: 0028FCCC (size ~680 bytes)
RA: ( 1:0014516C ) 1:0010E7E3 ( 1:00147D15 ) ( 1:0014259B ) ( 1:00142726 ) [ 1:00142741 ] 
Error significance: high or unknown
An exception of type 216 (page protection fault) occurred at offset 1:00145185 when I [please complete]...